Arguments: 
  /Users/zum/.nvm/versions/node/v18.12.0/bin/node /usr/local/Cellar/yarn/1.22.19/libexec/bin/yarn.js

PATH: 
  /Users/zum/.nvm/versions/node/v18.12.0/bin:/Users/zum/.nvm/versions/node/v14.17.0/bin:/Users/zum/.nvm/versions/node/v18.12.0/bin:/Users/zum/.nvm/versions/node/v14.17.0/bin:/Library/Frameworks/Python.framework/Versions/3.11/bin:/usr/local/bin:/System/Cryptexes/App/usr/bin:/usr/bin:/bin:/usr/sbin:/sbin:/Library/Apple/usr/bin:/Users/zum/.nvm/versions/node/v14.17.0/bin:/Library/Frameworks/Python.framework/Versions/3.11/bin

Yarn version: 
  1.22.19

Node version: 
  18.12.0

Platform: 
  darwin x64

Trace: 
  SyntaxError: /Users/zum/Desktop/smdk/packages/client/package.json: Unexpected token } in JSON at position 630
      at JSON.parse (<anonymous>)
      at /usr/local/Cellar/yarn/1.22.19/libexec/lib/cli.js:1629:59
      at Generator.next (<anonymous>)
      at step (/usr/local/Cellar/yarn/1.22.19/libexec/lib/cli.js:310:30)
      at /usr/local/Cellar/yarn/1.22.19/libexec/lib/cli.js:321:13

npm manifest: 
  {
    "name": "smdk",
    "version": "1.0.0",
    "author": "dkpark10",
    "description": "smdk",
    "private": true,
    "workspaces": {
      "packages": [
        "packages/server-node",
        "packages/server-nest",
        "packages/client"
      ]
    },
    "packageManager": "yarn@3.4.1",
    "devDependencies": {
      "eslint": "8.34.0",
      "jest": "^29.3.1",
      "typescript": "4.9.5",
      "@types/node": "^18.14.1",
      "ts-node": "^10.2.1",
      "eslint-config-prettier": "^8.7.0",
      "eslint-plugin-prettier": "^4.2.1",
      "@typescript-eslint/eslint-plugin": "^5.0.0",
      "@typescript-eslint/parser": "^5.0.0",
      "@types/jest": "28.1.8",
      "ts-jest": "28.0.8",
      "ts-loader": "^9.2.3",
      "prettier": "^2.8.5"
    }
  }

yarn manifest: 
  No manifest

Lockfile: 
  No lockfile
